COLLECTION: /db
COLLECTION: /db/repository
COLLECTION: /db/repository/policies
COLLECTION: /db/repository/policies/commonservices
COLLECTION: /db/repository/classifications
COLLECTION: /db/apps
COLLECTION: /db/apps/eXide
COLLECTION: /db/apps/eXide/docs
COLLECTION: /db/apps/eXide/templates
COLLECTION: /db/apps/eXide/templates/bootstrap
COLLECTION: /db/apps/eXide/templates/bootstrap/resources
COLLECTION: /db/apps/eXide/templates/bootstrap/resources/css
COLLECTION: /db/apps/eXide/templates/bootstrap/modules
COLLECTION: /db/apps/eXide/templates/bootstrap/templates
COLLECTION: /db/apps/eXide/templates/existdb
COLLECTION: /db/apps/eXide/templates/existdb/resources
COLLECTION: /db/apps/eXide/templates/existdb/resources/images
COLLECTION: /db/apps/eXide/templates/existdb/resources/css
COLLECTION: /db/apps/eXide/templates/existdb/modules
COLLECTION: /db/apps/eXide/templates/existdb/templates
COLLECTION: /db/apps/eXide/modules
COLLECTION: /db/apps/eXide/resources
COLLECTION: /db/apps/eXide/resources/css
COLLECTION: /db/apps/eXide/resources/css/black-tie
COLLECTION: /db/apps/eXide/resources/css/black-tie/images
COLLECTION: /db/apps/eXide/resources/images
COLLECTION: /db/apps/eXide/resources/schema
COLLECTION: /db/apps/eXide/resources/scripts
COLLECTION: /db/apps/eXide/resources/scripts/jquery
COLLECTION: /db/apps/eXide/resources/scripts/jquery/images
COLLECTION: /db/apps/eXide/src
COLLECTION: /db/apps/demo
COLLECTION: /db/apps/demo/data
COLLECTION: /db/apps/demo/data/addresses
COLLECTION: /db/apps/demo/data/binary
COLLECTION: /db/apps/demo/data/i18n
COLLECTION: /db/apps/demo/examples
COLLECTION: /db/apps/demo/examples/special
COLLECTION: /db/apps/demo/examples/urlrewriting
COLLECTION: /db/apps/demo/examples/basic
COLLECTION: /db/apps/demo/examples/tests
COLLECTION: /db/apps/demo/examples/web
COLLECTION: /db/apps/demo/examples/templating
COLLECTION: /db/apps/demo/examples/xforms
COLLECTION: /db/apps/demo/modules
COLLECTION: /db/apps/demo/resources
COLLECTION: /db/apps/demo/resources/scripts
COLLECTION: /db/apps/demo/resources/images
COLLECTION: /db/apps/demo/resources/css
COLLECTION: /db/apps/demo/templates
COLLECTION: /db/apps/shared-resources
COLLECTION: /db/apps/shared-resources/content
COLLECTION: /db/apps/shared-resources/resources
COLLECTION: /db/apps/shared-resources/resources/css
COLLECTION: /db/apps/shared-resources/resources/images
COLLECTION: /db/apps/shared-resources/resources/img
COLLECTION: /db/apps/shared-resources/resources/scripts
COLLECTION: /db/apps/shared-resources/resources/scripts/jquery
COLLECTION: /db/apps/shared-resources/resources/scripts/jquery/skin
COLLECTION: /db/apps/shared-resources/resources/scripts/jquery/flot
COLLECTION: /db/apps/shared-resources/resources/scripts/jquery/css
COLLECTION: /db/apps/shared-resources/resources/scripts/jquery/css/smoothness
COLLECTION: /db/apps/shared-resources/resources/scripts/jquery/css/smoothness/images
COLLECTION: /db/apps/shared-resources/resources/scripts/ace
COLLECTION: /db/apps/doc
COLLECTION: /db/apps/doc/data
COLLECTION: /db/apps/doc/templates
COLLECTION: /db/apps/doc/modules
COLLECTION: /db/apps/doc/resources
COLLECTION: /db/apps/doc/resources/css
COLLECTION: /db/apps/doc/resources/images
COLLECTION: /db/apps/doc/resources/eclipse
COLLECTION: /db/apps/doc/resources/styles
COLLECTION: /db/apps/dashboard
COLLECTION: /db/apps/dashboard/templates
COLLECTION: /db/apps/dashboard/resources
COLLECTION: /db/apps/dashboard/resources/scripts
COLLECTION: /db/apps/dashboard/resources/images
COLLECTION: /db/apps/dashboard/resources/css
COLLECTION: /db/apps/dashboard/modules
COLLECTION: /db/apps/dashboard/plugins
COLLECTION: /db/apps/dashboard/plugins/images
COLLECTION: /db/apps/dashboard/plugins/backup
COLLECTION: /db/apps/dashboard/plugins/backup/images
COLLECTION: /db/apps/dashboard/plugins/userManager
COLLECTION: /db/apps/dashboard/plugins/profiling
COLLECTION: /db/apps/dashboard/plugins/shutdown
COLLECTION: /db/apps/dashboard/plugins/scheduler
COLLECTION: /db/apps/dashboard/plugins/packageManager
COLLECTION: /db/apps/dashboard/plugins/packageManager/images
COLLECTION: /db/apps/dashboard/plugins/browsing
COLLECTION: /db/apps/dashboard/plugins/browsing/images
COLLECTION: /db/apps/fundocs
COLLECTION: /db/apps/fundocs/resources
COLLECTION: /db/apps/fundocs/resources/scripts
COLLECTION: /db/apps/fundocs/resources/images
COLLECTION: /db/apps/fundocs/resources/css
COLLECTION: /db/apps/fundocs/modules
COLLECTION: /db/apps/fundocs/templates
COLLECTION: /db/apps/xsltforms
COLLECTION: /db/apps/betterform
COLLECTION: /db/apps/betterform/resources
COLLECTION: /db/apps/betterform/resources/css
COLLECTION: /db/apps/betterform/demo
COLLECTION: /db/apps/betterform/demo/styles
COLLECTION: /db/apps/betterform/demo/images
COLLECTION: /db/apps/betterform/reference
COLLECTION: /db/apps/betterform/reference/images
COLLECTION: /db/apps/betterform/reference/resources
COLLECTION: /db/apps/betterform/modules
COLLECTION: /db/system
COLLECTION: /db/system/plugins
COLLECTION: /db/system/config
COLLECTION: /db/system/config/db
COLLECTION: /db/system/config/db/apps
COLLECTION: /db/system/config/db/apps/betterform
COLLECTION: /db/system/config/db/apps/eXide
COLLECTION: /db/system/config/db/apps/doc
COLLECTION: /db/system/config/db/apps/doc/data
COLLECTION: /db/system/config/db/apps/demo
COLLECTION: /db/system/config/db/apps/demo/data
COLLECTION: /db/system/config/db/apps/demo/data/binary
COLLECTION: /db/system/config/db/apps/dashboard
COLLECTION: /db/system/config/db/apps/fundocs
COLLECTION: /db/system/scheduler
COLLECTION: /db/system/security
COLLECTION: /db/system/security/exist
COLLECTION: /db/system/security/exist/accounts
COLLECTION: /db/system/security/exist/accounts/removed
COLLECTION: /db/system/security/exist/groups
COLLECTION: /db/system/security/exist/groups/removed
  DOCUMENT: 1000 of 1163
  DOCUMENT: 1163 of 1163
